<?xml version="1.0" encoding="UTF-8"?>
<testng-results ignored="0" total="3" passed="2" failed="1" skipped="0">
  <reporter-output>
  </reporter-output>
  <suite started-at="2024-10-28T15:52:32 IST" name="Suite" finished-at="2024-10-28T15:54:03 IST" duration-ms="91043">
    <groups>
      <group name="regressionTest">
        <method signature="ContactTestWithTestNG.createContactTest()[pri:0, instance:com.comcast.crm.contacttest.ContactTestWithTestNG@dd8ba08]" name="createContactTest" class="com.comcast.crm.contacttest.ContactTestWithTestNG"/>
        <method signature="ContactTestWithTestNG.createContactWithOrgNameTest()[pri:0, instance:com.comcast.crm.contacttest.ContactTestWithTestNG@dd8ba08]" name="createContactWithOrgNameTest" class="com.comcast.crm.contacttest.ContactTestWithTestNG"/>
        <method signature="ContactTestWithTestNG.createContactWithSupportDateTest()[pri:0, instance:com.comcast.crm.contacttest.ContactTestWithTestNG@dd8ba08]" name="createContactWithSupportDateTest" class="com.comcast.crm.contacttest.ContactTestWithTestNG"/>
      </group> <!-- regressionTest -->
      <group name="smokeTest">
        <method signature="ContactTestWithTestNG.createContactWithSupportDateTest()[pri:0, instance:com.comcast.crm.contacttest.ContactTestWithTestNG@dd8ba08]" name="createContactWithSupportDateTest" class="com.comcast.crm.contacttest.ContactTestWithTestNG"/>
      </group> <!-- smokeTest -->
    </groups>
    <test started-at="2024-10-28T15:52:32 IST" name="Test" finished-at="2024-10-28T15:54:03 IST" duration-ms="91043">
      <class name="com.comcast.crm.contacttest.ContactTestWithTestNG">
        <test-method is-config="true" signature="configBS()[pri:0, instance:com.comcast.crm.contacttest.ContactTestWithTestNG@dd8ba08]" started-at="2024-10-28T15:52:32 IST" name="configBS" finished-at="2024-10-28T15:52:32 IST" duration-ms="293" status="PASS">
          <reporter-output>
          </reporter-output>
        </test-method> <!-- configBS -->
        <test-method is-config="true" signature="configBC()[pri:0, instance:com.comcast.crm.contacttest.ContactTestWithTestNG@dd8ba08]" started-at="2024-10-28T15:52:32 IST" name="configBC" finished-at="2024-10-28T15:52:35 IST" duration-ms="2978" status="PASS">
          <reporter-output>
          </reporter-output>
        </test-method> <!-- configBC -->
        <test-method is-config="true" signature="configBM()[pri:0, instance:com.comcast.crm.contacttest.ContactTestWithTestNG@dd8ba08]" started-at="2024-10-28T15:52:35 IST" name="configBM" finished-at="2024-10-28T15:52:57 IST" duration-ms="21443" status="PASS">
          <reporter-output>
          </reporter-output>
        </test-method> <!-- configBM -->
        <test-method signature="createContactTest()[pri:0, instance:com.comcast.crm.contacttest.ContactTestWithTestNG@dd8ba08]" started-at="2024-10-28T15:52:57 IST" name="createContactTest" finished-at="2024-10-28T15:53:14 IST" duration-ms="17381" status="FAIL">
          <exception class="java.lang.AssertionError">
            <message>
              <![CDATA[expected [false] but found [true]]]>
            </message>
            <full-stacktrace>
              <![CDATA[java.lang.AssertionError: expected [false] but found [true]
at org.testng.Assert.fail(Assert.java:111)
at org.testng.Assert.failNotEquals(Assert.java:1578)
at org.testng.Assert.assertEqualsImpl(Assert.java:150)
at org.testng.Assert.assertEquals(Assert.java:132)
at org.testng.Assert.assertEquals(Assert.java:1067)
at org.testng.Assert.assertEquals(Assert.java:1031)
at org.testng.Assert.assertEquals(Assert.java:1077)
at com.comcast.crm.contacttest.ContactTestWithTestNG.createContactTest(ContactTestWithTestNG.java:74)
at java.base/jdk.internal.reflect.DirectMethodHandleAccessor.invoke(DirectMethodHandleAccessor.java:103)
at java.base/java.lang.reflect.Method.invoke(Method.java:580)
at org.testng.internal.invokers.MethodInvocationHelper.invokeMethod(MethodInvocationHelper.java:139)
at org.testng.internal.invokers.TestInvoker.invokeMethod(TestInvoker.java:664)
at org.testng.internal.invokers.TestInvoker.invokeTestMethod(TestInvoker.java:227)
at org.testng.internal.invokers.MethodRunner.runInSequence(MethodRunner.java:50)
at org.testng.internal.invokers.TestInvoker$MethodInvocationAgent.invoke(TestInvoker.java:957)
at org.testng.internal.invokers.TestInvoker.invokeTestMethods(TestInvoker.java:200)
at org.testng.internal.invokers.TestMethodWorker.invokeTestMethods(TestMethodWorker.java:148)
at org.testng.internal.invokers.TestMethodWorker.run(TestMethodWorker.java:128)
at java.base/java.util.ArrayList.forEach(ArrayList.java:1596)
at org.testng.TestRunner.privateRun(TestRunner.java:848)
at org.testng.TestRunner.run(TestRunner.java:621)
at org.testng.SuiteRunner.runTest(SuiteRunner.java:443)
at org.testng.SuiteRunner.runSequentially(SuiteRunner.java:437)
at org.testng.SuiteRunner.privateRun(SuiteRunner.java:397)
at org.testng.SuiteRunner.run(SuiteRunner.java:336)
at org.testng.SuiteRunnerWorker.runSuite(SuiteRunnerWorker.java:52)
at org.testng.SuiteRunnerWorker.run(SuiteRunnerWorker.java:95)
at org.testng.TestNG.runSuitesSequentially(TestNG.java:1280)
at org.testng.TestNG.runSuitesLocally(TestNG.java:1200)
at org.testng.TestNG.runSuites(TestNG.java:1114)
at org.testng.TestNG.run(TestNG.java:1082)
at org.apache.maven.surefire.testng.TestNGExecutor.run(TestNGExecutor.java:308)
at org.apache.maven.surefire.testng.TestNGXmlTestSuite.execute(TestNGXmlTestSuite.java:71)
at org.apache.maven.surefire.testng.TestNGProvider.invoke(TestNGProvider.java:113)
at org.apache.maven.surefire.booter.ForkedBooter.runSuitesInProcess(ForkedBooter.java:385)
at org.apache.maven.surefire.booter.ForkedBooter.execute(ForkedBooter.java:162)
at org.apache.maven.surefire.booter.ForkedBooter.run(ForkedBooter.java:507)
at org.apache.maven.surefire.booter.ForkedBooter.main(ForkedBooter.java:495)
]]>
            </full-stacktrace>
          </exception> <!-- java.lang.AssertionError -->
          <reporter-output>
          </reporter-output>
        </test-method> <!-- createContactTest -->
        <test-method is-config="true" signature="configAM()[pri:0, instance:com.comcast.crm.contacttest.ContactTestWithTestNG@dd8ba08]" started-at="2024-10-28T15:53:14 IST" name="configAM" finished-at="2024-10-28T15:53:15 IST" duration-ms="1168" status="PASS">
          <reporter-output>
          </reporter-output>
        </test-method> <!-- configAM -->
        <test-method is-config="true" signature="configBM()[pri:0, instance:com.comcast.crm.contacttest.ContactTestWithTestNG@dd8ba08]" started-at="2024-10-28T15:53:15 IST" name="configBM" finished-at="2024-10-28T15:53:18 IST" duration-ms="3008" status="PASS">
          <reporter-output>
          </reporter-output>
        </test-method> <!-- configBM -->
        <test-method signature="createContactWithOrgNameTest()[pri:0, instance:com.comcast.crm.contacttest.ContactTestWithTestNG@dd8ba08]" started-at="2024-10-28T15:53:18 IST" name="createContactWithOrgNameTest" finished-at="2024-10-28T15:53:37 IST" duration-ms="18304" status="PASS">
          <reporter-output>
          </reporter-output>
        </test-method> <!-- createContactWithOrgNameTest -->
        <test-method is-config="true" signature="configAM()[pri:0, instance:com.comcast.crm.contacttest.ContactTestWithTestNG@dd8ba08]" started-at="2024-10-28T15:53:37 IST" name="configAM" finished-at="2024-10-28T15:53:39 IST" duration-ms="2754" status="PASS">
          <reporter-output>
          </reporter-output>
        </test-method> <!-- configAM -->
        <test-method is-config="true" signature="configBM()[pri:0, instance:com.comcast.crm.contacttest.ContactTestWithTestNG@dd8ba08]" started-at="2024-10-28T15:53:39 IST" name="configBM" finished-at="2024-10-28T15:53:45 IST" duration-ms="5599" status="PASS">
          <reporter-output>
          </reporter-output>
        </test-method> <!-- configBM -->
        <test-method signature="createContactWithSupportDateTest()[pri:0, instance:com.comcast.crm.contacttest.ContactTestWithTestNG@dd8ba08]" started-at="2024-10-28T15:53:45 IST" name="createContactWithSupportDateTest" finished-at="2024-10-28T15:54:01 IST" duration-ms="16334" status="PASS">
          <reporter-output>
          </reporter-output>
        </test-method> <!-- createContactWithSupportDateTest -->
        <test-method is-config="true" signature="configAM()[pri:0, instance:com.comcast.crm.contacttest.ContactTestWithTestNG@dd8ba08]" started-at="2024-10-28T15:54:01 IST" name="configAM" finished-at="2024-10-28T15:54:02 IST" duration-ms="932" status="PASS">
          <reporter-output>
          </reporter-output>
        </test-method> <!-- configAM -->
        <test-method is-config="true" signature="configAC()[pri:0, instance:com.comcast.crm.contacttest.ContactTestWithTestNG@dd8ba08]" started-at="2024-10-28T15:54:02 IST" name="configAC" finished-at="2024-10-28T15:54:03 IST" duration-ms="1060" status="PASS">
          <reporter-output>
          </reporter-output>
        </test-method> <!-- configAC -->
        <test-method is-config="true" signature="configAS()[pri:0, instance:com.comcast.crm.contacttest.ContactTestWithTestNG@dd8ba08]" started-at="2024-10-28T15:54:03 IST" name="configAS" finished-at="2024-10-28T15:54:03 IST" duration-ms="54" status="PASS">
          <reporter-output>
          </reporter-output>
        </test-method> <!-- configAS -->
      </class> <!-- com.comcast.crm.contacttest.ContactTestWithTestNG -->
    </test> <!-- Test -->
  </suite> <!-- Suite -->
</testng-results>
