<?xml version="1.0" encoding="UTF-8"?>
<!-- Generated by org.testng.reporters.JUnitXMLReporter -->
<testsuite ignored="2" hostname="Ravi" failures="1" tests="6" name="Test" time="75.811" errors="0" timestamp="2024-10-28T12:26:00 IST">
  <testcase classname="com.comcast.crm.orgtest.OrgTestWithTestNG" name="CreateOrgTest" time="7.16"/>
  <testcase classname="com.comcast.crm.orgtest.OrgTestWithTestNG" name="CreateOrgWithIndustryType" time="5.455"/>
  <testcase classname="com.comcast.crm.orgtest.OrgTestWithTestNG" name="CreateOrgWithPhoneNo" time="5.684"/>
  <testcase classname="com.comcast.crm.contacttest.ContactTestWithTestNG" name="createContactTest" time="7.614">
    <failure type="java.lang.AssertionError" message="expected [false] but found [true]">
      <![CDATA[java.lang.AssertionError: expected [false] but found [true]
at com.comcast.crm.contacttest.ContactTestWithTestNG.createContactTest(ContactTestWithTestNG.java:74)
at java.base/java.util.ArrayList.forEach(ArrayList.java:1511)
... Removed 34 stack frames]]>
    </failure>
  </testcase> <!-- createContactTest -->
  <testcase classname="com.comcast.crm.contacttest.ContactTestWithTestNG" name="createContactWithOrgNameTest" time="14.606"/>
  <testcase classname="com.comcast.crm.contacttest.ContactTestWithTestNG" name="createContactWithSupportDateTest" time="7.789"/>
  <testcase classname="com.comcast.crm.basetest.BaseClass" name="@BeforeSuite configBS" time="0.0">
    <ignored/>
  </testcase> <!-- @BeforeSuite configBS -->
  <testcase classname="com.comcast.crm.basetest.BaseClass" name="@AfterSuite configAS" time="0.0">
    <ignored/>
  </testcase> <!-- @AfterSuite configAS -->
</testsuite> <!-- Test -->
